2025-06-22 19:13:11.316 [           main] INFO  com.LIVTech.tasks.TasksApplication       : Starting TasksApplication using Java 21.0.7 with PID 14804 (C:\Users\Elijah\OneDrive\Desktop\New Projects\Java\tasks\tasks\build\classes\java\main started by Elijah in C:\Users\Elijah\OneDrive\Desktop\New Projects\Java\tasks\tasks)
2025-06-22 19:13:11.319 [           main] DEBUG com.LIVTech.tasks.TasksApplication       : Running with Spring Boot v3.5.0, Spring v6.2.7
2025-06-22 19:13:11.321 [           main] INFO  com.LIVTech.tasks.TasksApplication       : No active profile set, falling back to 1 default profile: "default"
2025-06-22 19:13:13.151 [           main] INFO  .s.d.r.c.RepositoryConfigurationDelegate : Bootstrapping Spring Data JPA repositories in DEFAULT mode.
2025-06-22 19:13:13.261 [           main] INFO  .s.d.r.c.RepositoryConfigurationDelegate : Finished Spring Data repository scanning in 93 ms. Found 2 JPA repository interfaces.
2025-06-22 19:13:14.341 [           main] INFO  o.s.b.w.embedded.tomcat.TomcatWebServer  : Tomcat initialized with port 9099 (http)
2025-06-22 19:13:14.364 [           main] INFO  o.apache.catalina.core.StandardService   : Starting service [Tomcat]
2025-06-22 19:13:14.365 [           main] INFO  o.apache.catalina.core.StandardEngine    : Starting Servlet engine: [Apache Tomcat/10.1.41]
2025-06-22 19:13:14.449 [           main] INFO  o.a.c.c.C.[Tomcat].[localhost].[/]       : Initializing Spring embedded WebApplicationContext
2025-06-22 19:13:14.449 [           main] INFO  w.s.c.ServletWebServerApplicationContext : Root WebApplicationContext: initialization completed in 3045 ms
2025-06-22 19:13:15.002 [           main] INFO  o.hibernate.jpa.internal.util.LogHelper  : HHH000204: Processing PersistenceUnitInfo [name: default]
2025-06-22 19:13:15.138 [           main] INFO  org.hibernate.Version                    : HHH000412: Hibernate ORM core version 6.6.15.Final
2025-06-22 19:13:15.201 [           main] INFO  o.h.c.internal.RegionFactoryInitiator    : HHH000026: Second-level cache disabled
2025-06-22 19:13:15.831 [           main] INFO  o.s.o.j.p.SpringPersistenceUnitInfo      : No LoadTimeWeaver setup: ignoring JPA class transformer
2025-06-22 19:13:15.904 [           main] INFO  com.zaxxer.hikari.HikariDataSource       : HikariPoolTasks - Starting...
2025-06-22 19:13:16.248 [           main] INFO  com.zaxxer.hikari.pool.HikariPool        : HikariPoolTasks - Added connection org.postgresql.jdbc.PgConnection@3a5ce4b8
2025-06-22 19:13:16.252 [           main] INFO  com.zaxxer.hikari.HikariDataSource       : HikariPoolTasks - Start completed.
2025-06-22 19:13:16.329 [           main] WARN  org.hibernate.orm.deprecation            : HHH90000025: PostgreSQLDialect does not need to be specified explicitly using 'hibernate.dialect' (remove the property setting and it will be selected by default)
2025-06-22 19:13:16.365 [           main] INFO  org.hibernate.orm.connections.pooling    : HHH10001005: Database info:
	Database JDBC URL [Connecting through datasource 'HikariDataSource (HikariPoolTasks)']
	Database driver: undefined/unknown
	Database version: 16.3
	Autocommit mode: undefined/unknown
	Isolation level: undefined/unknown
	Minimum pool size: undefined/unknown
	Maximum pool size: undefined/unknown
2025-06-22 19:13:16.383 [           main] DEBUG o.h.t.d.sql.spi.DdlTypeRegistry          : addDescriptor(2003, org.hibernate.type.descriptor.sql.internal.ArrayDdlTypeImpl@1d1b3620) replaced previous registration(org.hibernate.type.descriptor.sql.internal.ArrayDdlTypeImpl@71e7c13f)
2025-06-22 19:13:16.384 [           main] DEBUG o.h.t.d.sql.spi.DdlTypeRegistry          : addDescriptor(6, org.hibernate.type.descriptor.sql.internal.CapacityDependentDdlType@2295566b) replaced previous registration(org.hibernate.type.descriptor.sql.internal.DdlTypeImpl@174e1b99)
2025-06-22 19:13:18.811 [           main] INFO  o.h.e.t.j.p.i.JtaPlatformInitiator       : HHH000489: No JTA platform available (set 'hibernate.transaction.jta.platform' to enable JTA platform integration)
2025-06-22 19:13:19.067 [           main] INFO  j.LocalContainerEntityManagerFactoryBean : Initialized JPA EntityManagerFactory for persistence unit 'default'
2025-06-22 19:13:20.393 [           main] WARN  JpaBaseConfiguration$JpaWebConfiguration : spring.jpa.open-in-view is enabled by default. Therefore, database queries may be performed during view rendering. Explicitly configure spring.jpa.open-in-view to disable this warning
2025-06-22 19:13:21.740 [           main] INFO  o.s.b.a.e.web.EndpointLinksResolver      : Exposing 1 endpoint beneath base path '/actuator'
2025-06-22 19:13:21.886 [           main] INFO  o.s.b.w.embedded.tomcat.TomcatWebServer  : Tomcat started on port 9099 (http) with context path '/'
2025-06-22 19:13:21.907 [           main] INFO  com.LIVTech.tasks.TasksApplication       : Started TasksApplication in 11.739 seconds (process running for 13.342)
2025-06-22 19:13:22.313 [-192.168.43.205] INFO  o.a.c.c.C.[Tomcat].[localhost].[/]       : Initializing Spring DispatcherServlet 'dispatcherServlet'
2025-06-22 19:13:22.313 [-192.168.43.205] INFO  o.s.web.servlet.DispatcherServlet        : Initializing Servlet 'dispatcherServlet'
2025-06-22 19:13:22.316 [-192.168.43.205] INFO  o.s.web.servlet.DispatcherServlet        : Completed initialization in 3 ms
2025-06-22 19:13:53.459 [nio-9099-exec-1] INFO  com.LIVTech.tasks.aop.LoggingAspect      : Enter: com.LIVTech.tasks.controller.TaskController.getTaskList() with argument[s] = [1]
2025-06-22 19:13:53.460 [nio-9099-exec-1] INFO  com.LIVTech.tasks.aop.LoggingAspect      : Enter: com.LIVTech.tasks.service.impl.TaskServiceImpl.taskLists() with argument[s] = [1]
2025-06-22 19:13:53.676 [nio-9099-exec-1] DEBUG org.hibernate.SQL                        : 
    select
        t1_0.task_id,
        t1_0.created,
        t1_0.description,
        t1_0.due_date,
        t1_0.priority,
        t1_0.status,
        t1_0.task_list_id,
        t1_0.title,
        t1_0.updated 
    from
        task t1_0 
    left join
        task_list tl1_0 
            on tl1_0.id=t1_0.task_list_id 
    where
        tl1_0.id=?
2025-06-22 19:13:53.773 [nio-9099-exec-1] DEBUG org.hibernate.SQL                        : 
    select
        tl1_0.id,
        tl1_0.created,
        tl1_0.decription,
        tl1_0.title,
        tl1_0.updated 
    from
        task_list tl1_0 
    where
        tl1_0.id=?
2025-06-22 19:13:53.794 [nio-9099-exec-1] DEBUG org.hibernate.SQL                        : 
    select
        t1_0.task_list_id,
        t1_0.task_id,
        t1_0.created,
        t1_0.description,
        t1_0.due_date,
        t1_0.priority,
        t1_0.status,
        t1_0.title,
        t1_0.updated 
    from
        task t1_0 
    where
        t1_0.task_list_id=?
2025-06-22 19:13:53.769 [nio-9099-exec-1] INFO  com.LIVTech.tasks.aop.LoggingAspect      : Exit: com.LIVTech.tasks.service.impl.TaskServiceImpl.taskLists() with result = [FAILED toString()]. Execution time: 309 ms
2025-06-22 19:13:53.950 [nio-9099-exec-1] INFO  com.LIVTech.tasks.aop.LoggingAspect      : Exit: com.LIVTech.tasks.controller.TaskController.getTaskList() with result = <200 OK OK,ApiResponse[data=[TaskDto[id=1, title=love, description=many, dueDate=null, priority=HIGH, status=OPEN], TaskDto[id=3, title=love, description=many, dueDate=null, priority=HIGH, status=OPEN], TaskDto[id=2, title=kindness, description=, dueDate=null, priority=LOW, status=OPEN]], message=Tasks retrieved successfully, timestamp=2025-06-22T19:13:53.942262200, requestId=35ca79ba-2ade-411a-ad45-43db75d86cbb],[]>. Execution time: 491 ms
2025-06-22 19:14:37.284 [ionShutdownHook] INFO  o.s.b.w.e.tomcat.GracefulShutdown        : Commencing graceful shutdown. Waiting for active requests to complete
2025-06-22 19:14:37.295 [tomcat-shutdown] INFO  o.s.b.w.e.tomcat.GracefulShutdown        : Graceful shutdown complete
2025-06-22 19:14:37.302 [ionShutdownHook] INFO  j.LocalContainerEntityManagerFactoryBean : Closing JPA EntityManagerFactory for persistence unit 'default'
2025-06-22 19:14:37.306 [ionShutdownHook] INFO  com.zaxxer.hikari.HikariDataSource       : HikariPoolTasks - Shutdown initiated...
2025-06-22 19:14:37.313 [ionShutdownHook] INFO  com.zaxxer.hikari.HikariDataSource       : HikariPoolTasks - Shutdown completed.
